#
# A fatal error has been detected by the Java Runtime Environment:
#
#  Internal Error (classFileParser.cpp:3161), pid=6652, tid=9896
#  Error: ShouldNotReachHere()
#
# JRE version: 6.0_22-b04
# Java VM: Java HotSpot(TM) Client VM (17.1-b03 mixed mode windows-x86 )
# If you would like to submit a bug report, please visit:
#   http://java.sun.com/webapps/bugreport/crash.jsp
#

---------------  T H R E A D  ---------------

Current thread (0x0169e800):  JavaThread "Unknown thread" [_thread_in_vm, id=9896, stack(0x00370000,0x003c0000)]

Stack: [0x00370000,0x003c0000],  sp=0x003bf880,  free space=13e003bf890k
Native frames: (J=compiled Java code, j=interpreted, Vv=VM code, C=native code)
V  [jvm.dll+0x1fd0f0]
V  [jvm.dll+0xa4679]
V  [jvm.dll+0x75ec1]
V  [jvm.dll+0x77564]
V  [jvm.dll+0x1cbc85]
V  [jvm.dll+0x1cc3bd]
V  [jvm.dll+0x1cc775]
V  [jvm.dll+0x1cc7bb]
V  [jvm.dll+0x1cc8e2]
V  [jvm.dll+0x1cc95a]
V  [jvm.dll+0x1cce0d]
V  [jvm.dll+0x1cd222]
V  [jvm.dll+0x1ecf03]
V  [jvm.dll+0x1ed2dc]
V  [jvm.dll+0xdb681]
V  [jvm.dll+0x1e6668]
V  [jvm.dll+0x1065b0]
C  [javaw.exe+0x1657]
C  [javaw.exe+0x1e2c]
C  [javaw.exe+0x8614]
C  [kernel32.dll+0x4ed6c]
C  [ntdll.dll+0x6377b]
C  [ntdll.dll+0x6374e]


---------------  P R O C E S S  ---------------

Java Threads: ( => current thread )

Other Threads:

=>0x0169e800 (exited) JavaThread "Unknown thread" [_thread_in_vm, id=9896, stack(0x00370000,0x003c0000)]

VM state:not at safepoint (not fully initialized)

VM Mutex/Monitor currently owned by a thread: None

Dynamic libraries:
0x00400000 - 0x00424000 	C:\Program Files\Java\jre6\bin\javaw.exe
0x77ce0000 - 0x77e1c000 	C:\Windows\SYSTEM32\ntdll.dll
0x779d0000 - 0x77aa4000 	C:\Windows\system32\kernel32.dll
0x75ef0000 - 0x75f3a000 	C:\Windows\system32\KERNELBASE.dll
0x76420000 - 0x764c0000 	C:\Windows\system32\ADVAPI32.dll
0x76be0000 - 0x76c8c000 	C:\Windows\system32\msvcrt.dll
0x76c90000 - 0x76ca9000 	C:\Windows\SYSTEM32\sechost.dll
0x76370000 - 0x76411000 	C:\Windows\system32\RPCRT4.dll
0x76cb0000 - 0x76d79000 	C:\Windows\system32\USER32.dll
0x77ab0000 - 0x77afe000 	C:\Windows\system32\GDI32.dll
0x764c0000 - 0x764ca000 	C:\Windows\system32\LPK.dll
0x77e30000 - 0x77ecd000 	C:\Windows\system32\USP10.dll
0x764d0000 - 0x764ef000 	C:\Windows\system32\IMM32.DLL
0x766e0000 - 0x767ac000 	C:\Windows\system32\MSCTF.dll
0x7c340000 - 0x7c396000 	C:\Program Files\Java\jre6\bin\msvcr71.dll
0x6d7f0000 - 0x6da97000 	C:\Program Files\Java\jre6\bin\client\jvm.dll
0x75260000 - 0x75292000 	C:\Windows\system32\WINMM.dll
0x75d70000 - 0x75dbc000 	C:\Windows\system32\apphelp.dll
0x6d7a0000 - 0x6d7ac000 	C:\Program Files\Java\jre6\bin\verify.dll
0x6d320000 - 0x6d33f000 	C:\Program Files\Java\jre6\bin\java.dll
0x6d280000 - 0x6d288000 	C:\Program Files\Java\jre6\bin\hpi.dll
0x77ed0000 - 0x77ed5000 	C:\Windows\system32\PSAPI.DLL
0x6d7e0000 - 0x6d7ef000 	C:\Program Files\Java\jre6\bin\zip.dll

VM Arguments:
jvm_args: -Dfile.encoding=MS874 -Xbootclasspath:C:\Program Files\Android\android-sdk\platforms\android-16\android.jar 
java_command: com.example.calculategame.RandomGame2
Launcher Type: SUN_STANDARD

Environment Variables:
JAVA_HOME=C:\Program Files\Java\jdk1.6.0
PATH=C:/Program Files/Java/jre6/bin/client;C:/Program Files/Java/jre6/bin;C:/Program Files/Java/jre6/lib/i386;C:\Program Files\VMware\VMware vSphere CLI\Perl\site\bin;C:\Program Files\VMware\VMware vSphere CLI\Perl\bin;C:\Program Files\Common Files\Microsoft Shared\Windows Live;C:\Program Files\NVIDIA Corporation\PhysX\Common;C:\Windows\system32;C:\Windows;C:\Windows\System32\Wbem;C:\Windows\System32\WindowsPowerShell\v1.0\;C:\Program Files\Microsoft SQL Server\100\Tools\Binn\;C:\Program Files\Microsoft SQL Server\100\DTS\Binn\;C:\Program Files\Microsoft SQL Server\100\Tools\Binn\VSShell\Common7\IDE\;C:\Program Files\Windows Live\Shared;E:\MinGW\bin;C:\borland\bcc55\bin;C:\Program Files\Android\android-sdk\tools\;C:\Program Files\Java\jdk1.6.0;libswt/win32/infobright_jni.dll;c:\Ant\bin;C:\Program Files\Android\android-sdk\tools;C:\Program Files\Android\android-sdk\platform-tools;C:\Android\android-ndk;C:\Program Files\Java\jdk1.6.0;C:\Program Files\TortoiseSVN\bin;C:\Program Files\TortoiseGit\bin;C:\AppServ\php6;C:\Program Files\SSH Communications Security\SSH Secure Shell;C:\borland\bcc55\bin;E:\eclipse program\eclipse-SDK-4.2-win32\eclipse;
USERNAME=prcom
OS=Windows_NT
PROCESSOR_IDENTIFIER=x86 Family 6 Model 37 Stepping 2, GenuineIntel



---------------  S Y S T E M  ---------------

OS: Windows 7 Build 7601 Service Pack 1

CPU:total 4 (8 cores per cpu, 2 threads per core) family 6 model 37 stepping 2, cmov, cx8, fxsr, mmx, sse, sse2, sse3, ssse3, sse4.1, sse4.2, popcnt, ht

Memory: 4k page, physical 2611924k(703292k free), swap 4705212k(1650864k free)

vm_info: Java HotSpot(TM) Client VM (17.1-b03) for windows-x86 JRE (1.6.0_22-b04), built on Sep 15 2010 00:56:36 by "java_re" with MS VC++ 7.1 (VS2003)

time: Sun Jul 15 13:57:45 2012
elapsed time: 0 seconds

